2023/11/22 19:23:51 [GET] [::1]:58635 /words/zigzag PostmanRuntime/7.35.0
2023/11/22 19:23:58 [GET] [::1]:58635 /words/test PostmanRuntime/7.35.0
2023/11/22 19:27:03 [POST] [::1]:58668 /words PostmanRuntime/7.35.0
2023/11/22 19:27:06 [DELETE] [::1]:58668 /words/test PostmanRuntime/7.35.0
2023/11/22 19:46:31 [DELETE] [::1]:58946 /words/test PostmanRuntime/7.35.0
2023/11/22 19:47:13 [DELETE] [::1]:58946 /words/test PostmanRuntime/7.35.0
2023/11/22 19:47:39 [GET] [::1]:58946 /words/test PostmanRuntime/7.35.0
2023/11/22 19:48:57 [GET] [::1]:58946 /words/test PostmanRuntime/7.35.0
2023/11/22 19:49:02 [POST] [::1]:58946 /words PostmanRuntime/7.35.0
2023/11/22 19:49:05 [GET] [::1]:58946 /words/test PostmanRuntime/7.35.0
2023/11/22 19:49:08 [DELETE] [::1]:58946 /words/test PostmanRuntime/7.35.0
2024/01/11 10:54:56 [GET] [::1]:58106 /words/test PostmanRuntime/7.35.0
2024/01/11 11:02:16 [GET] [::1]:58340 /words/test PostmanRuntime/7.35.0
2024/01/11 11:02:21 [GET] [::1]:58340 /words/zigzag PostmanRuntime/7.35.0
2024/01/11 11:52:33 [POST] [::1]:59060 /words PostmanRuntime/7.35.0
2024/01/11 11:52:46 [DELETE] [::1]:59060 /words/test PostmanRuntime/7.35.0
2024/01/11 12:22:39 [GET] [::1]:59448 /words/zigzag PostmanRuntime/7.35.0
2024/01/11 12:22:42 [GET] [::1]:59448 /words/test PostmanRuntime/7.35.0
2024/01/11 12:22:54 [GET] [::1]:59448 /words/test PostmanRuntime/7.35.0
2024/01/11 12:23:02 [POST] [::1]:59448 /words PostmanRuntime/7.35.0
2024/01/11 12:23:04 [DELETE] [::1]:59448 /words/test PostmanRuntime/7.35.0
2024/01/11 12:23:06 [DELETE] [::1]:59448 /words/test PostmanRuntime/7.35.0
2024/01/11 12:24:57 [DELETE] [::1]:59494 /words/test PostmanRuntime/7.35.0
2024/01/11 12:25:01 [POST] [::1]:59494 /words PostmanRuntime/7.35.0
2024/01/11 12:25:04 [DELETE] [::1]:59494 /words/test PostmanRuntime/7.35.0
2024/01/11 12:26:15 [DELETE] [::1]:59512 /words/test PostmanRuntime/7.35.0
2024/01/11 12:26:17 [POST] [::1]:59512 /words PostmanRuntime/7.35.0
2024/01/11 12:26:20 [DELETE] [::1]:59512 /words/test PostmanRuntime/7.35.0
2024/01/11 12:26:30 [DELETE] [::1]:59512 /words/test PostmanRuntime/7.35.0
2024/01/11 12:26:46 [GET] [::1]:59512 /words/test PostmanRuntime/7.35.0
2024/01/11 12:26:51 [POST] [::1]:59512 /words PostmanRuntime/7.35.0
2024/01/11 12:27:00 [DELETE] [::1]:59512 /words/test PostmanRuntime/7.35.0
2024/01/11 12:27:02 [DELETE] [::1]:59512 /words/test PostmanRuntime/7.35.0
2024/01/11 12:28:13 [GET] [::1]:59566 /words/test PostmanRuntime/7.35.0
2024/01/11 12:28:18 [POST] [::1]:59566 /words PostmanRuntime/7.35.0
2024/01/11 12:28:23 [DELETE] [::1]:59566 /words/test PostmanRuntime/7.35.0
2024/01/11 12:28:29 [DELETE] [::1]:59566 /words/test PostmanRuntime/7.35.0
2024/01/11 12:28:33 [DELETE] [::1]:59566 /words/test PostmanRuntime/7.35.0
2024/01/11 12:28:38 [POST] [::1]:59566 /words PostmanRuntime/7.35.0
2024/01/11 12:28:41 [POST] [::1]:59566 /words PostmanRuntime/7.35.0
2024/01/18 08:42:25 [GET] [::1]:54647 /words/test PostmanRuntime/7.36.0
2024/01/18 15:19:56 [GET] [::1]:58909 /words/test PostmanRuntime/7.36.0
2024/01/18 15:20:03 [POST] [::1]:58909 /words PostmanRuntime/7.36.0
2024/01/18 15:20:07 [GET] [::1]:58909 /words/test PostmanRuntime/7.36.0
2024/01/18 15:20:09 [GET] [::1]:58909 /words/test PostmanRuntime/7.36.0
2024/01/18 15:20:15 [GET] [::1]:58909 /words/test PostmanRuntime/7.36.0
2024/01/18 15:20:20 [POST] [::1]:58909 /words PostmanRuntime/7.36.0
2024/01/18 15:20:26 [DELETE] [::1]:58909 /words/test PostmanRuntime/7.36.0
2024/01/18 15:21:48 [GET] [::1]:59007 /words/test PostmanRuntime/7.36.0
2024/01/18 15:21:57 [POST] [::1]:59007 /words PostmanRuntime/7.36.0
2024/01/18 15:22:01 [GET] [::1]:59007 /words/test PostmanRuntime/7.36.0
2024/01/18 15:23:29 [POST] [::1]:59038 /words PostmanRuntime/7.36.0
2024/01/18 15:23:33 [GET] [::1]:59038 /words/test PostmanRuntime/7.36.0
2024/01/18 15:23:38 [GET] [::1]:59038 /words/cc PostmanRuntime/7.36.0
2024/01/18 15:23:42 [POST] [::1]:59038 /words PostmanRuntime/7.36.0
2024/01/18 15:23:49 [GET] [::1]:59038 /words/test PostmanRuntime/7.36.0
2024/01/18 16:00:05 [GET] [::1]:59242 /words/test PostmanRuntime/7.36.0
2024/01/18 16:00:08 [POST] [::1]:59242 /words PostmanRuntime/7.36.0
2024/01/18 16:00:11 [GET] [::1]:59242 /words/test PostmanRuntime/7.36.0
2024/01/18 16:00:13 [GET] [::1]:59242 /words/test PostmanRuntime/7.36.0
2024/01/18 16:00:16 [DELETE] [::1]:59242 /words/test PostmanRuntime/7.36.0
2024/01/18 16:04:41 [GET] [::1]:59311 /words/test PostmanRuntime/7.36.0
2024/01/18 16:04:44 [POST] [::1]:59311 /words PostmanRuntime/7.36.0
2024/01/18 16:04:47 [GET] [::1]:59311 /words/test PostmanRuntime/7.36.0
2024/01/18 16:04:50 [DELETE] [::1]:59311 /words/test PostmanRuntime/7.36.0
2024/01/18 16:04:53 [GET] [::1]:59311 /words/test PostmanRuntime/7.36.0
2024/01/21 18:56:22 [GET] [::1]:1799 /words/test PostmanRuntime/7.36.1
2024/01/21 18:56:25 [POST] [::1]:1799 /words PostmanRuntime/7.36.1
2024/01/21 18:56:29 [GET] [::1]:1799 /words/test PostmanRuntime/7.36.1
2024/01/21 18:56:32 [DELETE] [::1]:1799 /words/test PostmanRuntime/7.36.1
2024/01/21 18:56:35 [GET] [::1]:1799 /words/test PostmanRuntime/7.36.1
2024/01/21 19:08:21 [DELETE] [::1]:1886 /words/test PostmanRuntime/7.36.1
2024/01/22 13:30:13 [GET] [::1]:3121 /words/test PostmanRuntime/7.36.1
2024/01/22 13:30:17 [POST] [::1]:3121 /words PostmanRuntime/7.36.1
2024/01/22 13:30:20 [GET] [::1]:3121 /words/test PostmanRuntime/7.36.1
2024/01/22 13:30:24 [DELETE] [::1]:3121 /words/test PostmanRuntime/7.36.1
2024/01/22 13:30:27 [GET] [::1]:3121 /words/test PostmanRuntime/7.36.1
2024/01/25 08:27:51 [GET] [::1]:8079 /words/test PostmanRuntime/7.36.1
2024/01/25 08:28:01 [GET] [::1]:8079 /words/test PostmanRuntime/7.36.1
2024/01/25 08:28:07 [POST] [::1]:8079 /words PostmanRuntime/7.36.1
2024/01/25 08:28:12 [GET] [::1]:8079 /words/test PostmanRuntime/7.36.1
2024/01/25 08:28:18 [DELETE] [::1]:8079 /words/test PostmanRuntime/7.36.1
2024/01/25 08:28:26 [GET] [::1]:8079 /words/test PostmanRuntime/7.36.1
2024/01/25 08:28:31 [POST] [::1]:8079 /words PostmanRuntime/7.36.1
2024/01/25 08:28:35 [GET] [::1]:8079 /words/test PostmanRuntime/7.36.1
2024/01/25 08:28:38 [DELETE] [::1]:8079 /words/test PostmanRuntime/7.36.1
2024/01/25 08:28:42 [POST] [::1]:8079 /words PostmanRuntime/7.36.1
2024/01/25 08:28:45 [GET] [::1]:8079 /words/test PostmanRuntime/7.36.1
2024/01/25 08:28:49 [DELETE] [::1]:8079 /words/test PostmanRuntime/7.36.1
2024/01/25 08:28:50 [DELETE] [::1]:8079 /words/test PostmanRuntime/7.36.1
2024/01/25 08:35:06 [DELETE] [::1]:8327 /words/test PostmanRuntime/7.36.1
2024/01/25 08:35:10 [GET] [::1]:8327 /words/test PostmanRuntime/7.36.1
2024/01/25 08:35:14 [POST] [::1]:8327 /words PostmanRuntime/7.36.1
2024/01/25 08:35:18 [GET] [::1]:8327 /words/test PostmanRuntime/7.36.1
2024/01/25 08:35:20 [DELETE] [::1]:8327 /words/test PostmanRuntime/7.36.1
2024/01/25 08:35:24 [GET] [::1]:8327 /words/test PostmanRuntime/7.36.1
